2026-04-13 14:28:10,559 - utils.theme_manager - INFO - ✅ ThemeManager inicializado (singleton, 4 temas)
2026-04-13 14:28:10,562 - utils.theme_manager - INFO - 🎨 Tema aplicado: Oscuro Profesional
2026-04-13 14:28:10,562 - __main__ - INFO - 📁 Directorio asegurado: recordings/
2026-04-13 14:28:10,562 - __main__ - INFO - 📁 Directorio asegurado: profiles/
2026-04-13 14:28:10,562 - __main__ - INFO - 📁 Directorio asegurado: logs/
2026-04-13 14:28:10,569 - controller.base_controller - INFO - ✅ ThemeManager creado en MainController (id: 140097672246848)
2026-04-13 14:28:10,764 - controller.detector_controller.DetectorController - INFO - ✅ DetectorController inicializado
2026-04-13 14:28:10,764 - controller.audio_controller.AudioController - INFO - ✅ AudioController inicializado
2026-04-13 14:28:10,764 - controller.base_controller - INFO - ✅ Subcontroladores inicializados
2026-04-13 14:28:11,119 - widgets.visualization - INFO - ✅ Colorbar creado correctamente
2026-04-13 14:28:11,254 - widgets.audio_widget_compact - INFO - ✅ Cargados 25 dispositivos de audio
2026-04-13 14:28:11,254 - widgets.audio_widget_compact - INFO - ✅ AudioWidgetCompact creado
2026-04-13 14:28:11,289 - utils.band_manager - INFO - ✅ Cargadas 21 bandas desde config/bands.json
2026-04-13 14:28:11,289 - widgets.signal_detector_widget - INFO - ✅ ThemeManager encontrado en MainController
2026-04-13 14:28:11,289 - widgets.signal_detector_widget - INFO - 🔗 SignalDetectorWidget conectado al theme_manager
2026-04-13 14:28:11,291 - widgets.signal_detector_widget - INFO - 📡 Banda: FM Broadcast | Rango: 88 - 108 MHz | ✅ disponible
2026-04-13 14:28:11,291 - widgets.signal_detector_widget - INFO -    📝 Radio FM comercial
2026-04-13 14:28:11,291 - widgets.signal_detector_widget - INFO - ✅ SignalDetectorWidget creado
2026-04-13 14:28:11,301 - widgets.iq_manager_widget - INFO - ✅ IQManagerWidget creado
2026-04-13 14:28:11,318 - controller.ui_controller.UIController - INFO - 📊 Inicializando marcador en: 100.000 MHz
2026-04-13 14:28:11,323 - controller.ui_controller.UIController - INFO - 📊 Líneas de detector creadas
2026-04-13 14:28:11,323 - controller.ui_controller.UIController - INFO - ✅ SpectrumPlot inicializado
2026-04-13 14:28:11,333 - widgets.waterfall_plot - INFO - ✅ WaterfallPlot inicializado
2026-04-13 14:28:11,333 - widgets.visualization - INFO - 🌊 Waterfall conectado
2026-04-13 14:28:11,337 - widgets.visualization - INFO - 🔗 Colorbar conectado al imageitem
2026-04-13 14:28:11,342 - controller.ui_controller.UIController - INFO - ✅ FrequencySpinner creado: 100.000 MHz
2026-04-13 14:28:11,342 - controller.ui_controller.UIController - INFO - ✅ Gráficos configurados
2026-04-13 14:28:11,342 - controller.rf_controller.RFController - INFO - 🔧 Inicializando SDR: 'bladerf'...
2026-04-13 14:28:11,343 - sdr.sdr_factory - INFO - ✅ Driver creado: BladeRFDevice ('bladerf')
2026-04-13 14:28:11,348 - sdr.bladerf_device - INFO - Dispositivo encontrado: Device Information
    backend  libusb
    serial   ab00de03410c42c6b04129699a6304b5
    usb_bus  2
    usb_addr 3
    instance 0
2026-04-13 14:28:12,406 - sdr.bladerf_device - INFO - libbladeRF versión : v2.5.0 ("2.5.0-git-12699a5c")
2026-04-13 14:28:12,406 - sdr.bladerf_device - INFO - Firmware           : v2.4.0 ("2.4.0-git-a3d5c55f")
2026-04-13 14:28:12,406 - sdr.bladerf_device - INFO - FPGA               : v0.15.3 ("0.15.3")
2026-04-13 14:28:12,411 - sdr.bladerf_device - INFO - Rango frecuencia   : 70 – 6000 MHz
2026-04-13 14:28:12,411 - sdr.bladerf_device - INFO - Rango sample rate  : 0.5 – 122.9 MSPS
2026-04-13 14:28:12,411 - sdr.bladerf_device - INFO - Rango ganancia     : -15 – 60 dB
2026-04-13 14:28:12,411 - sdr.bladerf_device - INFO - Modos de ganancia  : ['Default', 'Manual', 'Fast AGC', 'Slow AGC', 'Hybrid']
2026-04-13 14:28:13,961 - sdr.bladerf_device - INFO - Stream síncrono SC16_Q11 configurado
2026-04-13 14:28:13,961 - sdr.bladerf_device - INFO - ✅ BladeRF 2.0 inicializado correctamente
2026-04-13 14:28:14,076 - sdr.bladerf_device - INFO - Stream síncrono SC16_Q11 configurado
2026-04-13 14:28:14,192 - sdr.bladerf_device - INFO - Stream síncrono SC16_Q11 configurado
2026-04-13 14:28:14,192 - widgets.rf_controls - INFO - 📻 Sample rates configurados: ['2.0', '5.0', '10.0', '20.0', '40.0', '56.0']
2026-04-13 14:28:14,192 - widgets.rf_controls - INFO - 📻 Bandwidths configurados: ['1.5', '2.5', '5.0', '10.0', '20.0', '28.0', '56.0']
2026-04-13 14:28:14,192 - controller.rf_controller.RFController - INFO - ✅ BladeRF 2.0 micro listo para operar
2026-04-13 14:28:14,192 - utils.config_manager - INFO - ✅ ConfigManager inicializado con theme_manager id: 140097672246848
2026-04-13 14:28:14,192 - utils.config_manager - INFO - ✅ ConfigManager inicializado
2026-04-13 14:28:14,192 - utils.config_manager - INFO -    Archivo: /home/ubuntu/.config/INIDETEC - DCD/SIMANEEM.conf
2026-04-13 14:28:14,192 - utils.config_manager - INFO - 📂 Cargando configuración...
2026-04-13 14:28:14,193 - controller.frequency_controller.FrequencyController - INFO - 🎯 Spinner cambió a: 2410.000 MHz (debounce)
2026-04-13 14:28:14,201 - widgets.visualization - INFO - ⏱️ Reinicio automático de max/min cada 5 s
2026-04-13 14:28:14,331 - utils.theme_manager - INFO - 🎨 Tema aplicado: Oscuro Profesional
2026-04-13 14:28:14,331 - controller.ui_controller.UIController - INFO - ======================================================================
2026-04-13 14:28:14,331 - controller.ui_controller.UIController - INFO - 🎨 SET_CURVE_COLORS() INICIADO
2026-04-13 14:28:14,331 - controller.ui_controller.UIController - INFO -    Colores originales: active=#00c8ff, max=#ffc800, min=#ff6400
2026-04-13 14:28:14,331 - controller.ui_controller.UIController - INFO -    Colores ajustados: active=#00c8ff, max=#ffc800, min=#ff6400
2026-04-13 14:28:14,331 - controller.ui_controller.UIController - INFO -    Curva activa → #00c8ff
2026-04-13 14:28:14,331 - controller.ui_controller.UIController - INFO -    Curva max → #ffc800
2026-04-13 14:28:14,331 - controller.ui_controller.UIController - INFO -    Curva min → #ff6400
2026-04-13 14:28:14,331 - controller.ui_controller.UIController - INFO - ======================================================================
2026-04-13 14:28:14,331 - utils.config_manager - INFO - ✅ Configuración cargada
2026-04-13 14:28:14,331 - controller.base_controller - INFO - ✅ Controlador principal inicializado
2026-04-13 14:28:14,331 - __main__ - INFO - Controller creado con theme_manager id: 140097672246848
2026-04-13 14:28:14,331 - utils.config_manager - INFO - ✅ ConfigManager inicializado con theme_manager id: 140097672246848
2026-04-13 14:28:14,332 - utils.config_manager - INFO - ✅ ConfigManager inicializado
2026-04-13 14:28:14,332 - utils.config_manager - INFO -    Archivo: /home/ubuntu/.config/INIDETEC - DCD/SIMANEEM.conf
2026-04-13 14:28:14,332 - __main__ - INFO - ConfigManager creado con theme_manager id: 140097672246848
2026-04-13 14:28:14,332 - utils.config_manager - INFO - 📂 Cargando configuración...
2026-04-13 14:28:14,494 - utils.theme_manager - INFO - 🎨 Tema aplicado: Oscuro Profesional
2026-04-13 14:28:14,494 - controller.ui_controller.UIController - INFO - ======================================================================
2026-04-13 14:28:14,494 - controller.ui_controller.UIController - INFO - 🎨 SET_CURVE_COLORS() INICIADO
2026-04-13 14:28:14,494 - controller.ui_controller.UIController - INFO -    Colores originales: active=#00c8ff, max=#ffc800, min=#ff6400
2026-04-13 14:28:14,494 - controller.ui_controller.UIController - INFO -    Colores ajustados: active=#00c8ff, max=#ffc800, min=#ff6400
2026-04-13 14:28:14,495 - controller.ui_controller.UIController - INFO -    Curva activa → #00c8ff
2026-04-13 14:28:14,495 - controller.ui_controller.UIController - INFO -    Curva max → #ffc800
2026-04-13 14:28:14,495 - controller.ui_controller.UIController - INFO -    Curva min → #ff6400
2026-04-13 14:28:14,495 - controller.ui_controller.UIController - INFO - ======================================================================
2026-04-13 14:28:14,495 - utils.config_manager - INFO - ✅ Configuración cargada
2026-04-13 14:28:14,502 - __main__ - INFO - SDR Analyzer iniciado correctamente
2026-04-13 14:28:14,516 - controller.frequency_controller.FrequencyController - INFO - 📡 Aplicando frecuencia al SDR: 2410.000 MHz
2026-04-13 14:28:19,582 - widgets.visualization - INFO - ⏱️ Reiniciando curvas max/min por tiempo
2026-04-13 14:28:19,582 - controller.ui_controller.UIController - INFO - 🔄 Reiniciando buffers de max/min
2026-04-13 14:28:24,815 - widgets.visualization - INFO - ⏱️ Reiniciando curvas max/min por tiempo
2026-04-13 14:28:24,815 - controller.ui_controller.UIController - INFO - 🔄 Reiniciando buffers de max/min
2026-04-13 14:28:29,814 - widgets.visualization - INFO - ⏱️ Reiniciando curvas max/min por tiempo
2026-04-13 14:28:29,815 - controller.ui_controller.UIController - INFO - 🔄 Reiniciando buffers de max/min
2026-04-13 14:28:34,814 - widgets.visualization - INFO - ⏱️ Reiniciando curvas max/min por tiempo
2026-04-13 14:28:34,814 - controller.ui_controller.UIController - INFO - 🔄 Reiniciando buffers de max/min
2026-04-13 14:28:39,815 - widgets.visualization - INFO - ⏱️ Reiniciando curvas max/min por tiempo
2026-04-13 14:28:39,815 - controller.ui_controller.UIController - INFO - 🔄 Reiniciando buffers de max/min
2026-04-13 14:28:44,814 - widgets.visualization - INFO - ⏱️ Reiniciando curvas max/min por tiempo
2026-04-13 14:28:44,815 - controller.ui_controller.UIController - INFO - 🔄 Reiniciando buffers de max/min
2026-04-13 14:28:49,815 - widgets.visualization - INFO - ⏱️ Reiniciando curvas max/min por tiempo
2026-04-13 14:28:49,815 - controller.ui_controller.UIController - INFO - 🔄 Reiniciando buffers de max/min
2026-04-13 14:28:54,814 - widgets.visualization - INFO - ⏱️ Reiniciando curvas max/min por tiempo
2026-04-13 14:28:54,815 - controller.ui_controller.UIController - INFO - 🔄 Reiniciando buffers de max/min
2026-04-13 14:28:59,814 - widgets.visualization - INFO - ⏱️ Reiniciando curvas max/min por tiempo
2026-04-13 14:28:59,815 - controller.ui_controller.UIController - INFO - 🔄 Reiniciando buffers de max/min
2026-04-13 14:29:04,814 - widgets.visualization - INFO - ⏱️ Reiniciando curvas max/min por tiempo
2026-04-13 14:29:04,814 - controller.ui_controller.UIController - INFO - 🔄 Reiniciando buffers de max/min
2026-04-13 14:29:09,815 - widgets.visualization - INFO - ⏱️ Reiniciando curvas max/min por tiempo
2026-04-13 14:29:09,815 - controller.ui_controller.UIController - INFO - 🔄 Reiniciando buffers de max/min
2026-04-13 14:29:14,814 - widgets.visualization - INFO - ⏱️ Reiniciando curvas max/min por tiempo
2026-04-13 14:29:14,815 - controller.ui_controller.UIController - INFO - 🔄 Reiniciando buffers de max/min
2026-04-13 14:29:19,814 - widgets.visualization - INFO - ⏱️ Reiniciando curvas max/min por tiempo
2026-04-13 14:29:19,815 - controller.ui_controller.UIController - INFO - 🔄 Reiniciando buffers de max/min
2026-04-13 14:29:24,815 - widgets.visualization - INFO - ⏱️ Reiniciando curvas max/min por tiempo
2026-04-13 14:29:24,815 - controller.ui_controller.UIController - INFO - 🔄 Reiniciando buffers de max/min
2026-04-13 14:29:29,814 - widgets.visualization - INFO - ⏱️ Reiniciando curvas max/min por tiempo
2026-04-13 14:29:29,814 - controller.ui_controller.UIController - INFO - 🔄 Reiniciando buffers de max/min
2026-04-13 14:29:34,815 - widgets.visualization - INFO - ⏱️ Reiniciando curvas max/min por tiempo
2026-04-13 14:29:34,815 - controller.ui_controller.UIController - INFO - 🔄 Reiniciando buffers de max/min
2026-04-13 14:29:39,815 - widgets.visualization - INFO - ⏱️ Reiniciando curvas max/min por tiempo
2026-04-13 14:29:39,815 - controller.ui_controller.UIController - INFO - 🔄 Reiniciando buffers de max/min
2026-04-13 14:29:44,814 - widgets.visualization - INFO - ⏱️ Reiniciando curvas max/min por tiempo
2026-04-13 14:29:44,814 - controller.ui_controller.UIController - INFO - 🔄 Reiniciando buffers de max/min
2026-04-13 14:29:49,815 - widgets.visualization - INFO - ⏱️ Reiniciando curvas max/min por tiempo
2026-04-13 14:29:49,815 - controller.ui_controller.UIController - INFO - 🔄 Reiniciando buffers de max/min
2026-04-13 14:29:54,814 - widgets.visualization - INFO - ⏱️ Reiniciando curvas max/min por tiempo
2026-04-13 14:29:54,815 - controller.ui_controller.UIController - INFO - 🔄 Reiniciando buffers de max/min
2026-04-13 14:29:59,814 - widgets.visualization - INFO - ⏱️ Reiniciando curvas max/min por tiempo
2026-04-13 14:29:59,814 - controller.ui_controller.UIController - INFO - 🔄 Reiniciando buffers de max/min
2026-04-13 14:30:04,814 - widgets.visualization - INFO - ⏱️ Reiniciando curvas max/min por tiempo
2026-04-13 14:30:04,815 - controller.ui_controller.UIController - INFO - 🔄 Reiniciando buffers de max/min
2026-04-13 14:30:09,815 - widgets.visualization - INFO - ⏱️ Reiniciando curvas max/min por tiempo
2026-04-13 14:30:09,815 - controller.ui_controller.UIController - INFO - 🔄 Reiniciando buffers de max/min
2026-04-13 14:30:14,814 - widgets.visualization - INFO - ⏱️ Reiniciando curvas max/min por tiempo
2026-04-13 14:30:14,814 - controller.ui_controller.UIController - INFO - 🔄 Reiniciando buffers de max/min
2026-04-13 14:30:19,814 - widgets.visualization - INFO - ⏱️ Reiniciando curvas max/min por tiempo
2026-04-13 14:30:19,815 - controller.ui_controller.UIController - INFO - 🔄 Reiniciando buffers de max/min
2026-04-13 14:30:24,814 - widgets.visualization - INFO - ⏱️ Reiniciando curvas max/min por tiempo
2026-04-13 14:30:24,815 - controller.ui_controller.UIController - INFO - 🔄 Reiniciando buffers de max/min
2026-04-13 14:30:29,814 - widgets.visualization - INFO - ⏱️ Reiniciando curvas max/min por tiempo
2026-04-13 14:30:29,814 - controller.ui_controller.UIController - INFO - 🔄 Reiniciando buffers de max/min
2026-04-13 14:30:34,814 - widgets.visualization - INFO - ⏱️ Reiniciando curvas max/min por tiempo
2026-04-13 14:30:34,815 - controller.ui_controller.UIController - INFO - 🔄 Reiniciando buffers de max/min
2026-04-13 14:30:39,815 - widgets.visualization - INFO - ⏱️ Reiniciando curvas max/min por tiempo
2026-04-13 14:30:39,815 - controller.ui_controller.UIController - INFO - 🔄 Reiniciando buffers de max/min
2026-04-13 14:30:44,814 - widgets.visualization - INFO - ⏱️ Reiniciando curvas max/min por tiempo
2026-04-13 14:30:44,814 - controller.ui_controller.UIController - INFO - 🔄 Reiniciando buffers de max/min
2026-04-13 14:30:49,815 - widgets.visualization - INFO - ⏱️ Reiniciando curvas max/min por tiempo
2026-04-13 14:30:49,816 - controller.ui_controller.UIController - INFO - 🔄 Reiniciando buffers de max/min
2026-04-13 14:30:54,814 - widgets.visualization - INFO - ⏱️ Reiniciando curvas max/min por tiempo
2026-04-13 14:30:54,814 - controller.ui_controller.UIController - INFO - 🔄 Reiniciando buffers de max/min
2026-04-13 14:30:59,815 - widgets.visualization - INFO - ⏱️ Reiniciando curvas max/min por tiempo
2026-04-13 14:30:59,815 - controller.ui_controller.UIController - INFO - 🔄 Reiniciando buffers de max/min
2026-04-13 14:31:04,815 - widgets.visualization - INFO - ⏱️ Reiniciando curvas max/min por tiempo
2026-04-13 14:31:04,815 - controller.ui_controller.UIController - INFO - 🔄 Reiniciando buffers de max/min
2026-04-13 14:31:09,814 - widgets.visualization - INFO - ⏱️ Reiniciando curvas max/min por tiempo
2026-04-13 14:31:09,815 - controller.ui_controller.UIController - INFO - 🔄 Reiniciando buffers de max/min
2026-04-13 14:31:14,815 - widgets.visualization - INFO - ⏱️ Reiniciando curvas max/min por tiempo
2026-04-13 14:31:14,815 - controller.ui_controller.UIController - INFO - 🔄 Reiniciando buffers de max/min
2026-04-13 14:31:19,814 - widgets.visualization - INFO - ⏱️ Reiniciando curvas max/min por tiempo
2026-04-13 14:31:19,815 - controller.ui_controller.UIController - INFO - 🔄 Reiniciando buffers de max/min
2026-04-13 14:31:24,815 - widgets.visualization - INFO - ⏱️ Reiniciando curvas max/min por tiempo
2026-04-13 14:31:24,815 - controller.ui_controller.UIController - INFO - 🔄 Reiniciando buffers de max/min
2026-04-13 14:31:29,814 - widgets.visualization - INFO - ⏱️ Reiniciando curvas max/min por tiempo
2026-04-13 14:31:29,815 - controller.ui_controller.UIController - INFO - 🔄 Reiniciando buffers de max/min
2026-04-13 14:31:34,815 - widgets.visualization - INFO - ⏱️ Reiniciando curvas max/min por tiempo
2026-04-13 14:31:34,815 - controller.ui_controller.UIController - INFO - 🔄 Reiniciando buffers de max/min
2026-04-13 14:31:39,814 - widgets.visualization - INFO - ⏱️ Reiniciando curvas max/min por tiempo
2026-04-13 14:31:39,815 - controller.ui_controller.UIController - INFO - 🔄 Reiniciando buffers de max/min
2026-04-13 14:31:44,814 - widgets.visualization - INFO - ⏱️ Reiniciando curvas max/min por tiempo
2026-04-13 14:31:44,815 - controller.ui_controller.UIController - INFO - 🔄 Reiniciando buffers de max/min
2026-04-13 14:31:49,814 - widgets.visualization - INFO - ⏱️ Reiniciando curvas max/min por tiempo
2026-04-13 14:31:49,814 - controller.ui_controller.UIController - INFO - 🔄 Reiniciando buffers de max/min
2026-04-13 14:31:54,814 - widgets.visualization - INFO - ⏱️ Reiniciando curvas max/min por tiempo
2026-04-13 14:31:54,815 - controller.ui_controller.UIController - INFO - 🔄 Reiniciando buffers de max/min
2026-04-13 14:31:59,814 - widgets.visualization - INFO - ⏱️ Reiniciando curvas max/min por tiempo
2026-04-13 14:31:59,814 - controller.ui_controller.UIController - INFO - 🔄 Reiniciando buffers de max/min
2026-04-13 14:32:04,814 - widgets.visualization - INFO - ⏱️ Reiniciando curvas max/min por tiempo
2026-04-13 14:32:04,814 - controller.ui_controller.UIController - INFO - 🔄 Reiniciando buffers de max/min
2026-04-13 14:32:09,814 - widgets.visualization - INFO - ⏱️ Reiniciando curvas max/min por tiempo
2026-04-13 14:32:09,814 - controller.ui_controller.UIController - INFO - 🔄 Reiniciando buffers de max/min
2026-04-13 14:32:14,814 - widgets.visualization - INFO - ⏱️ Reiniciando curvas max/min por tiempo
2026-04-13 14:32:14,814 - controller.ui_controller.UIController - INFO - 🔄 Reiniciando buffers de max/min
2026-04-13 14:32:19,814 - widgets.visualization - INFO - ⏱️ Reiniciando curvas max/min por tiempo
2026-04-13 14:32:19,815 - controller.ui_controller.UIController - INFO - 🔄 Reiniciando buffers de max/min
2026-04-13 14:32:24,814 - widgets.visualization - INFO - ⏱️ Reiniciando curvas max/min por tiempo
2026-04-13 14:32:24,815 - controller.ui_controller.UIController - INFO - 🔄 Reiniciando buffers de max/min
2026-04-13 14:32:29,815 - widgets.visualization - INFO - ⏱️ Reiniciando curvas max/min por tiempo
2026-04-13 14:32:29,815 - controller.ui_controller.UIController - INFO - 🔄 Reiniciando buffers de max/min
2026-04-13 14:32:34,815 - widgets.visualization - INFO - ⏱️ Reiniciando curvas max/min por tiempo
2026-04-13 14:32:34,815 - controller.ui_controller.UIController - INFO - 🔄 Reiniciando buffers de max/min
2026-04-13 14:32:39,815 - widgets.visualization - INFO - ⏱️ Reiniciando curvas max/min por tiempo
2026-04-13 14:32:39,815 - controller.ui_controller.UIController - INFO - 🔄 Reiniciando buffers de max/min
2026-04-13 14:32:44,814 - widgets.visualization - INFO - ⏱️ Reiniciando curvas max/min por tiempo
2026-04-13 14:32:44,814 - controller.ui_controller.UIController - INFO - 🔄 Reiniciando buffers de max/min
2026-04-13 14:32:49,815 - widgets.visualization - INFO - ⏱️ Reiniciando curvas max/min por tiempo
2026-04-13 14:32:49,815 - controller.ui_controller.UIController - INFO - 🔄 Reiniciando buffers de max/min
2026-04-13 14:32:54,814 - widgets.visualization - INFO - ⏱️ Reiniciando curvas max/min por tiempo
2026-04-13 14:32:54,814 - controller.ui_controller.UIController - INFO - 🔄 Reiniciando buffers de max/min
2026-04-13 14:32:59,815 - widgets.visualization - INFO - ⏱️ Reiniciando curvas max/min por tiempo
2026-04-13 14:32:59,815 - controller.ui_controller.UIController - INFO - 🔄 Reiniciando buffers de max/min
2026-04-13 14:33:04,814 - widgets.visualization - INFO - ⏱️ Reiniciando curvas max/min por tiempo
2026-04-13 14:33:04,814 - controller.ui_controller.UIController - INFO - 🔄 Reiniciando buffers de max/min
2026-04-13 14:33:09,814 - widgets.visualization - INFO - ⏱️ Reiniciando curvas max/min por tiempo
2026-04-13 14:33:09,815 - controller.ui_controller.UIController - INFO - 🔄 Reiniciando buffers de max/min
2026-04-13 14:33:14,815 - widgets.visualization - INFO - ⏱️ Reiniciando curvas max/min por tiempo
2026-04-13 14:33:14,815 - controller.ui_controller.UIController - INFO - 🔄 Reiniciando buffers de max/min
2026-04-13 14:33:19,814 - widgets.visualization - INFO - ⏱️ Reiniciando curvas max/min por tiempo
2026-04-13 14:33:19,815 - controller.ui_controller.UIController - INFO - 🔄 Reiniciando buffers de max/min
2026-04-13 14:33:24,814 - widgets.visualization - INFO - ⏱️ Reiniciando curvas max/min por tiempo
2026-04-13 14:33:24,814 - controller.ui_controller.UIController - INFO - 🔄 Reiniciando buffers de max/min
2026-04-13 14:33:29,815 - widgets.visualization - INFO - ⏱️ Reiniciando curvas max/min por tiempo
2026-04-13 14:33:29,815 - controller.ui_controller.UIController - INFO - 🔄 Reiniciando buffers de max/min
2026-04-13 14:33:34,814 - widgets.visualization - INFO - ⏱️ Reiniciando curvas max/min por tiempo
2026-04-13 14:33:34,814 - controller.ui_controller.UIController - INFO - 🔄 Reiniciando buffers de max/min
2026-04-13 14:33:39,815 - widgets.visualization - INFO - ⏱️ Reiniciando curvas max/min por tiempo
2026-04-13 14:33:39,815 - controller.ui_controller.UIController - INFO - 🔄 Reiniciando buffers de max/min
2026-04-13 14:33:44,815 - widgets.visualization - INFO - ⏱️ Reiniciando curvas max/min por tiempo
2026-04-13 14:33:44,815 - controller.ui_controller.UIController - INFO - 🔄 Reiniciando buffers de max/min
2026-04-13 14:33:49,814 - widgets.visualization - INFO - ⏱️ Reiniciando curvas max/min por tiempo
2026-04-13 14:33:49,814 - controller.ui_controller.UIController - INFO - 🔄 Reiniciando buffers de max/min
2026-04-13 14:33:54,814 - widgets.visualization - INFO - ⏱️ Reiniciando curvas max/min por tiempo
2026-04-13 14:33:54,814 - controller.ui_controller.UIController - INFO - 🔄 Reiniciando buffers de max/min
2026-04-13 14:33:59,815 - widgets.visualization - INFO - ⏱️ Reiniciando curvas max/min por tiempo
2026-04-13 14:33:59,815 - controller.ui_controller.UIController - INFO - 🔄 Reiniciando buffers de max/min
2026-04-13 14:34:04,814 - widgets.visualization - INFO - ⏱️ Reiniciando curvas max/min por tiempo
2026-04-13 14:34:04,814 - controller.ui_controller.UIController - INFO - 🔄 Reiniciando buffers de max/min
2026-04-13 14:34:09,815 - widgets.visualization - INFO - ⏱️ Reiniciando curvas max/min por tiempo
2026-04-13 14:34:09,815 - controller.ui_controller.UIController - INFO - 🔄 Reiniciando buffers de max/min
2026-04-13 14:34:14,814 - widgets.visualization - INFO - ⏱️ Reiniciando curvas max/min por tiempo
2026-04-13 14:34:14,815 - controller.ui_controller.UIController - INFO - 🔄 Reiniciando buffers de max/min
2026-04-13 14:34:19,814 - widgets.visualization - INFO - ⏱️ Reiniciando curvas max/min por tiempo
2026-04-13 14:34:19,814 - controller.ui_controller.UIController - INFO - 🔄 Reiniciando buffers de max/min
2026-04-13 14:34:24,814 - widgets.visualization - INFO - ⏱️ Reiniciando curvas max/min por tiempo
2026-04-13 14:34:24,814 - controller.ui_controller.UIController - INFO - 🔄 Reiniciando buffers de max/min
2026-04-13 14:34:29,814 - widgets.visualization - INFO - ⏱️ Reiniciando curvas max/min por tiempo
2026-04-13 14:34:29,814 - controller.ui_controller.UIController - INFO - 🔄 Reiniciando buffers de max/min
2026-04-13 14:34:34,814 - widgets.visualization - INFO - ⏱️ Reiniciando curvas max/min por tiempo
2026-04-13 14:34:34,815 - controller.ui_controller.UIController - INFO - 🔄 Reiniciando buffers de max/min
2026-04-13 14:34:39,814 - widgets.visualization - INFO - ⏱️ Reiniciando curvas max/min por tiempo
2026-04-13 14:34:39,814 - controller.ui_controller.UIController - INFO - 🔄 Reiniciando buffers de max/min
2026-04-13 14:34:44,814 - widgets.visualization - INFO - ⏱️ Reiniciando curvas max/min por tiempo
2026-04-13 14:34:44,815 - controller.ui_controller.UIController - INFO - 🔄 Reiniciando buffers de max/min
2026-04-13 14:34:49,814 - widgets.visualization - INFO - ⏱️ Reiniciando curvas max/min por tiempo
2026-04-13 14:34:49,815 - controller.ui_controller.UIController - INFO - 🔄 Reiniciando buffers de max/min
2026-04-13 14:34:54,814 - widgets.visualization - INFO - ⏱️ Reiniciando curvas max/min por tiempo
2026-04-13 14:34:54,814 - controller.ui_controller.UIController - INFO - 🔄 Reiniciando buffers de max/min
2026-04-13 14:34:59,815 - widgets.visualization - INFO - ⏱️ Reiniciando curvas max/min por tiempo
2026-04-13 14:34:59,815 - controller.ui_controller.UIController - INFO - 🔄 Reiniciando buffers de max/min
2026-04-13 14:35:04,814 - widgets.visualization - INFO - ⏱️ Reiniciando curvas max/min por tiempo
2026-04-13 14:35:04,814 - controller.ui_controller.UIController - INFO - 🔄 Reiniciando buffers de max/min
2026-04-13 14:35:09,814 - widgets.visualization - INFO - ⏱️ Reiniciando curvas max/min por tiempo
2026-04-13 14:35:09,814 - controller.ui_controller.UIController - INFO - 🔄 Reiniciando buffers de max/min
2026-04-13 14:35:14,814 - widgets.visualization - INFO - ⏱️ Reiniciando curvas max/min por tiempo
2026-04-13 14:35:14,814 - controller.ui_controller.UIController - INFO - 🔄 Reiniciando buffers de max/min
2026-04-13 14:35:19,814 - widgets.visualization - INFO - ⏱️ Reiniciando curvas max/min por tiempo
2026-04-13 14:35:19,814 - controller.ui_controller.UIController - INFO - 🔄 Reiniciando buffers de max/min
2026-04-13 14:35:24,814 - widgets.visualization - INFO - ⏱️ Reiniciando curvas max/min por tiempo
2026-04-13 14:35:24,814 - controller.ui_controller.UIController - INFO - 🔄 Reiniciando buffers de max/min
2026-04-13 14:35:29,814 - widgets.visualization - INFO - ⏱️ Reiniciando curvas max/min por tiempo
2026-04-13 14:35:29,814 - controller.ui_controller.UIController - INFO - 🔄 Reiniciando buffers de max/min
2026-04-13 14:35:34,815 - widgets.visualization - INFO - ⏱️ Reiniciando curvas max/min por tiempo
2026-04-13 14:35:34,815 - controller.ui_controller.UIController - INFO - 🔄 Reiniciando buffers de max/min
2026-04-13 14:35:39,814 - widgets.visualization - INFO - ⏱️ Reiniciando curvas max/min por tiempo
2026-04-13 14:35:39,815 - controller.ui_controller.UIController - INFO - 🔄 Reiniciando buffers de max/min
2026-04-13 14:35:44,814 - widgets.visualization - INFO - ⏱️ Reiniciando curvas max/min por tiempo
2026-04-13 14:35:44,814 - controller.ui_controller.UIController - INFO - 🔄 Reiniciando buffers de max/min
2026-04-13 14:35:49,815 - widgets.visualization - INFO - ⏱️ Reiniciando curvas max/min por tiempo
2026-04-13 14:35:49,815 - controller.ui_controller.UIController - INFO - 🔄 Reiniciando buffers de max/min
2026-04-13 14:35:54,815 - widgets.visualization - INFO - ⏱️ Reiniciando curvas max/min por tiempo
2026-04-13 14:35:54,815 - controller.ui_controller.UIController - INFO - 🔄 Reiniciando buffers de max/min
2026-04-13 14:35:59,814 - widgets.visualization - INFO - ⏱️ Reiniciando curvas max/min por tiempo
2026-04-13 14:35:59,815 - controller.ui_controller.UIController - INFO - 🔄 Reiniciando buffers de max/min
2026-04-13 14:36:04,814 - widgets.visualization - INFO - ⏱️ Reiniciando curvas max/min por tiempo
2026-04-13 14:36:04,815 - controller.ui_controller.UIController - INFO - 🔄 Reiniciando buffers de max/min
2026-04-13 14:36:09,814 - widgets.visualization - INFO - ⏱️ Reiniciando curvas max/min por tiempo
2026-04-13 14:36:09,814 - controller.ui_controller.UIController - INFO - 🔄 Reiniciando buffers de max/min
2026-04-13 14:36:14,814 - widgets.visualization - INFO - ⏱️ Reiniciando curvas max/min por tiempo
2026-04-13 14:36:14,814 - controller.ui_controller.UIController - INFO - 🔄 Reiniciando buffers de max/min
2026-04-13 14:36:19,815 - widgets.visualization - INFO - ⏱️ Reiniciando curvas max/min por tiempo
2026-04-13 14:36:19,815 - controller.ui_controller.UIController - INFO - 🔄 Reiniciando buffers de max/min
2026-04-13 14:36:24,814 - widgets.visualization - INFO - ⏱️ Reiniciando curvas max/min por tiempo
2026-04-13 14:36:24,814 - controller.ui_controller.UIController - INFO - 🔄 Reiniciando buffers de max/min
2026-04-13 14:36:29,815 - widgets.visualization - INFO - ⏱️ Reiniciando curvas max/min por tiempo
2026-04-13 14:36:29,815 - controller.ui_controller.UIController - INFO - 🔄 Reiniciando buffers de max/min
2026-04-13 14:36:34,814 - widgets.visualization - INFO - ⏱️ Reiniciando curvas max/min por tiempo
2026-04-13 14:36:34,814 - controller.ui_controller.UIController - INFO - 🔄 Reiniciando buffers de max/min
2026-04-13 14:36:39,815 - widgets.visualization - INFO - ⏱️ Reiniciando curvas max/min por tiempo
2026-04-13 14:36:39,815 - controller.ui_controller.UIController - INFO - 🔄 Reiniciando buffers de max/min
2026-04-13 14:36:44,815 - widgets.visualization - INFO - ⏱️ Reiniciando curvas max/min por tiempo
2026-04-13 14:36:44,815 - controller.ui_controller.UIController - INFO - 🔄 Reiniciando buffers de max/min
2026-04-13 14:36:49,815 - widgets.visualization - INFO - ⏱️ Reiniciando curvas max/min por tiempo
2026-04-13 14:36:49,815 - controller.ui_controller.UIController - INFO - 🔄 Reiniciando buffers de max/min
2026-04-13 14:36:54,814 - widgets.visualization - INFO - ⏱️ Reiniciando curvas max/min por tiempo
2026-04-13 14:36:54,814 - controller.ui_controller.UIController - INFO - 🔄 Reiniciando buffers de max/min
2026-04-13 14:36:59,814 - widgets.visualization - INFO - ⏱️ Reiniciando curvas max/min por tiempo
2026-04-13 14:36:59,815 - controller.ui_controller.UIController - INFO - 🔄 Reiniciando buffers de max/min
2026-04-13 14:37:04,814 - widgets.visualization - INFO - ⏱️ Reiniciando curvas max/min por tiempo
2026-04-13 14:37:04,815 - controller.ui_controller.UIController - INFO - 🔄 Reiniciando buffers de max/min
